26/06/2014 15:47:45 devpinoyLogger Loading Property files
26/06/2014 15:47:45 devpinoyLogger Loaded Property files successfully
26/06/2014 15:47:45 devpinoyLogger Loading XLS Files
26/06/2014 15:47:50 devpinoyLogger Loaded XLS Files successfully
26/06/2014 15:48:02 devpinoyLogger Checking Runmode of Suite Login
26/06/2014 15:48:02 devpinoyLogger Skipping Test CaseLogin_01 as runmode set to NO
26/06/2014 15:48:03 devpinoyLogger Skipping Test CaseLogin_02 as runmode set to NO
26/06/2014 15:48:03 devpinoyLogger Skipping Test CaseLogin_03 as runmode set to NO
26/06/2014 15:48:03 devpinoyLogger  Executing Login_04
26/06/2014 15:48:37 devpinoyLogger Checking Runmode of Suite SignUp
26/06/2014 15:48:37 devpinoyLogger Skipped Suite SignUp as the runmode was set to NO
26/06/2014 15:48:37 devpinoyLogger Checking Runmode of Suite AllContacts
26/06/2014 15:48:37 devpinoyLogger Skipping Test CaseContacts_01 as runmode set to NO
26/06/2014 15:52:54 devpinoyLogger Skipping Test CaseContacts_06 as runmode set to NO
26/06/2014 15:52:54 devpinoyLogger Skipping Test CaseContacts_07 as runmode set to NO
26/06/2014 15:59:53 devpinoyLogger Checking Runmode of Suite Groups
26/06/2014 15:59:53 devpinoyLogger  Executing Groups_01
26/06/2014 15:59:54 devpinoyLogger  Executing Groups_01
26/06/2014 15:59:54 devpinoyLogger  Executing Groups_01
26/06/2014 15:59:54 devpinoyLogger  Executing Groups_01
26/06/2014 15:59:54 devpinoyLogger  Executing Groups_02
26/06/2014 15:59:55 devpinoyLogger  Executing Groups_03
26/06/2014 15:59:55 devpinoyLogger Skipping Test CaseGroups_04 as runmode set to NO
26/06/2014 15:59:55 devpinoyLogger Checking Runmode of Suite Netwroks
26/06/2014 15:59:55 devpinoyLogger  Executing TestCase_A2
26/06/2014 15:59:55 devpinoyLogger  Executing TestCase_A2
26/06/2014 15:59:56 devpinoyLogger Executing TestCase_A1
26/06/2014 15:59:56 devpinoyLogger  Executing TestCase_A1
26/06/2014 15:59:56 devpinoyLogger  Executing TestCase_A1
26/06/2014 15:59:57 devpinoyLogger  Executing TestCase_A2
26/06/2014 15:59:57 devpinoyLogger  Executing TestCase_A2
26/06/2014 15:59:57 devpinoyLogger  Executing TestCase_A2
26/06/2014 15:59:57 devpinoyLogger  Executing TestCase_A1
26/06/2014 15:59:58 devpinoyLogger  Executing TestCase_A2
26/06/2014 15:59:58 devpinoyLogger Checking Runmode of Suite Dashboard
26/06/2014 15:59:58 devpinoyLogger  Executing TestCase_A1
26/06/2014 15:59:58 devpinoyLogger Checking Runmode of Suite SignUp
26/06/2014 15:59:58 devpinoyLogger  Executing TestCase_A1
26/06/2014 15:59:58 devpinoyLogger  Executing TestCase_A1
26/06/2014 15:59:58 devpinoyLogger  Executing TestCase_A1
26/06/2014 15:59:58 devpinoyLogger  Executing TestCase_A1
26/06/2014 15:59:58 devpinoyLogger  Executing TestCase_A1
26/06/2014 15:59:58 devpinoyLogger Checking Runmode of Suite MyAccount
26/06/2014 15:59:58 devpinoyLogger  Executing account_01
26/06/2014 15:59:59 devpinoyLogger  Executing account_02
26/06/2014 15:59:59 devpinoyLogger  Executing account_03
26/06/2014 15:59:59 devpinoyLogger  Executing account_04
26/06/2014 15:59:59 devpinoyLogger  Executing account_05
26/06/2014 16:00:00 devpinoyLogger  Executing account_06
26/06/2014 16:00:00 devpinoyLogger Checking Runmode of Suite Activity
26/06/2014 16:00:00 devpinoyLogger Skipped Suite Activity as the runmode was set to NO
